{"created": 1756466238.90251, "duration": 75.49423956871033, "exitcode": 1, "root": "C:\\Users\\pedrohli\\PEDRO\\PROGRAMA\u00c7\u00c3O\\Projects\\Selenium\\app2-The-Internet-herokuapp", "environment": {}, "summary": {"passed": 10, "failed": 1, "total": 11, "collected": 11}, "collectors": [{"nodeid": "", "outcome": "passed", "result": [{"nodeid": "tests", "type": "Dir"}]}, {"nodeid": "tests/test_alerts.py", "outcome": "passed", "result": [{"nodeid": "tests/test_alerts.py::test_javascript_alerts", "type": "Function", "lineno": 10}]}, {"nodeid": "tests/test_checkboxes.py", "outcome": "passed", "result": [{"nodeid": "tests/test_checkboxes.py::test_checkboxes", "type": "Function", "lineno": 10}]}, {"nodeid": "tests/test_drag_and_drop.py", "outcome": "passed", "result": [{"nodeid": "tests/test_drag_and_drop.py::test_drag_and_drop", "type": "Function", "lineno": 9}]}, {"nodeid": "tests/test_dropdown.py", "outcome": "passed", "result": [{"nodeid": "tests/test_dropdown.py::test_dropdown", "type": "Function", "lineno": 10}]}, {"nodeid": "tests/test_dynamic_controls.py", "outcome": "passed", "result": [{"nodeid": "tests/test_dynamic_controls.py::test_dynamic_controls", "type": "Function", "lineno": 9}]}, {"nodeid": "tests/test_file_upload.py", "outcome": "passed", "result": [{"nodeid": "tests/test_file_upload.py::test_file_upload", "type": "Function", "lineno": 11}]}, {"nodeid": "tests/test_frames.py", "outcome": "passed", "result": [{"nodeid": "tests/test_frames.py::test_iframe_text_editing", "type": "Function", "lineno": 9}]}, {"nodeid": "tests/test_inputs.py", "outcome": "passed", "result": [{"nodeid": "tests/test_inputs.py::test_inputs", "type": "Function", "lineno": 10}]}, {"nodeid": "tests/test_login.py", "outcome": "passed", "result": [{"nodeid": "tests/test_login.py::test_login_positive", "type": "Function", "lineno": 11}, {"nodeid": "tests/test_login.py::test_login_negative", "type": "Function", "lineno": 47}]}, {"nodeid": "tests/test_windows.py", "outcome": "passed", "result": [{"nodeid": "tests/test_windows.py::test_multiple_windows", "type": "Function", "lineno": 9}]}, {"nodeid": "tests", "outcome": "passed", "result": [{"nodeid": "tests/test_alerts.py", "type": "Module"}, {"nodeid": "tests/test_checkboxes.py", "type": "Module"}, {"nodeid": "tests/test_drag_and_drop.py", "type": "Module"}, {"nodeid": "tests/test_dropdown.py", "type": "Module"}, {"nodeid": "tests/test_dynamic_controls.py", "type": "Module"}, {"nodeid": "tests/test_file_upload.py", "type": "Module"}, {"nodeid": "tests/test_frames.py", "type": "Module"}, {"nodeid": "tests/test_inputs.py", "type": "Module"}, {"nodeid": "tests/test_login.py", "type": "Module"}, {"nodeid": "tests/test_windows.py", "type": "Module"}]}], "tests": [{"nodeid": "tests/test_alerts.py::test_javascript_alerts", "lineno": 10, "outcome": "passed", "keywords": ["test_javascript_alerts", "alerts", "pytestmark", "test_alerts.py", "tests", "app2-The-Internet-herokuapp", ""], "setup": {"duration": 1.8026224998757243, "outcome": "passed", "stdout": "INFO | Initializing WebDriver | browser=edge headless=True window_size =1366,768 timeout=10\nINFO | WebDriver started for test: test_javascript_alerts | browser=edge | headless=True\n"}, "call": {"duration": 1.7390966000966728, "outcome": "passed", "stdout": "INFO | Starting JS Alerts test\nINFO | Opened URL: https://the-internet.herokuapp.com/javascript_alerts\nINFO | Clicked JS Alert button\nINFO | Retrieved alert text: I am a JS Alert\nINFO | Accepted alert\nINFO | Clicked JS Confirm button\nINFO | Retrieved alert text: I am a JS Confirm\nINFO | Dismissed alert\nINFO | Clicked JS Prompt button\nINFO | Retrieved alert text: I am a JS prompt\nINFO | Sent keys to prompt alert: Pedro was here!\nINFO | Accepted alert\nINFO | Retrieved result text: You entered: Pedro was here!\nINFO | JS Alerts test completed successfully\n"}, "teardown": {"duration": 2.106593699892983, "outcome": "passed", "stdout": "INFO | WebDriver quit successfully\n"}}, {"nodeid": "tests/test_checkboxes.py::test_checkboxes", "lineno": 10, "outcome": "passed", "keywords": ["test_checkboxes", "checkboxes", "pytestmark", "test_checkboxes.py", "tests", "app2-The-Internet-herokuapp", ""], "setup": {"duration": 1.134852300165221, "outcome": "passed", "stdout": "INFO | Initializing WebDriver | browser=edge headless=True window_size =1366,768 timeout=10\nINFO | WebDriver started for test: test_checkboxes | browser=edge | headless=True\n"}, "call": {"duration": 1.6376618000213057, "outcome": "passed", "stdout": "INFO | Starting checkboxes test\nINFO | Opened URL: https://the-internet.herokuapp.com/checkboxes\nINFO | Marked 1 checkbox(es)\nINFO | All checkboxes marked successfully\nINFO | Unmarked 2 checkbox(es)\nINFO | All checkboxes unmarked successfully\n"}, "teardown": {"duration": 2.106605399865657, "outcome": "passed", "stdout": "INFO | WebDriver quit successfully\n"}}, {"nodeid": "tests/test_drag_and_drop.py::test_drag_and_drop", "lineno": 9, "outcome": "passed", "keywords": ["test_drag_and_drop", "drag_and_drop", "pytestmark", "test_drag_and_drop.py", "tests", "app2-The-Internet-herokuapp", ""], "setup": {"duration": 1.1232763000298291, "outcome": "passed", "stdout": "INFO | Initializing WebDriver | browser=edge headless=True window_size =1366,768 timeout=10\nINFO | WebDriver started for test: test_drag_and_drop | browser=edge | headless=True\n"}, "call": {"duration": 2.0826117999386042, "outcome": "passed", "stdout": "INFO | Starting drag and drop test\nINFO | Opened URL: https://the-internet.herokuapp.com/drag_and_drop\nINFO | Performed drag and drop from Box A to Box B\nINFO | Performed drag and drop action\nINFO | Box headers: A='B', B='A'\nINFO | Box headers verified successfully after drag and drop\nINFO | Drag and drop test completed successfully\n"}, "teardown": {"duration": 2.078563099959865, "outcome": "passed", "stdout": "INFO | WebDriver quit successfully\n"}}, {"nodeid": "tests/test_dropdown.py::test_dropdown", "lineno": 10, "outcome": "passed", "keywords": ["test_dropdown", "dropdown", "pytestmark", "test_dropdown.py", "tests", "app2-The-Internet-herokuapp", ""], "setup": {"duration": 1.1179231000132859, "outcome": "passed", "stdout": "INFO | Initializing WebDriver | browser=edge headless=True window_size =1366,768 timeout=10\nINFO | WebDriver started for test: test_dropdown | browser=edge | headless=True\n"}, "call": {"duration": 1.672145799966529, "outcome": "passed", "stdout": "INFO | Starting dropdown test\nINFO | Opened URL: https://the-internet.herokuapp.com/dropdown\nINFO | Selected dropdown option by text: Option 1\nINFO | Option 1 selected successfully\nINFO | Selected dropdown option by value: 2\nINFO | Option 2 selected successfully\nINFO | Dropdown test completed successfully\n"}, "teardown": {"duration": 2.0918975002132356, "outcome": "passed", "stdout": "INFO | WebDriver quit successfully\n"}}, {"nodeid": "tests/test_dynamic_controls.py::test_dynamic_controls", "lineno": 9, "outcome": "passed", "keywords": ["test_dynamic_controls", "dynamic_controls", "pytestmark", "test_dynamic_controls.py", "tests", "app2-The-Internet-herokuapp", ""], "setup": {"duration": 1.1204599000047892, "outcome": "passed", "stdout": "INFO | Initializing WebDriver | browser=edge headless=True window_size =1366,768 timeout=10\nINFO | WebDriver started for test: test_dynamic_controls | browser=edge | headless=True\n"}, "call": {"duration": 18.43611879996024, "outcome": "passed", "stdout": "INFO | Starting dynamic controls test\nINFO | Opened URL: https://the-internet.herokuapp.com/dynamic_controls\nINFO | Checkbox removed\nINFO | Checkbox removed successfully\nINFO | Checkbox added\nINFO | Checkbox added successfully\nINFO | Input enabled\nINFO | Input field enabled successfully\nINFO | Typed in input: Testing dynamic controls\nINFO | Typed text into input field\nINFO | Input disabled\nINFO | Input field disabled successfully\nINFO | Dynamic controls test completed successfully\n"}, "teardown": {"duration": 2.1400239001959562, "outcome": "passed", "stdout": "INFO | WebDriver quit successfully\n"}}, {"nodeid": "tests/test_file_upload.py::test_file_upload", "lineno": 11, "outcome": "passed", "keywords": ["test_file_upload", "fileupload", "pytestmark", "test_file_upload.py", "tests", "app2-The-Internet-herokuapp", ""], "setup": {"duration": 1.7571003998164088, "outcome": "passed", "stdout": "INFO | Initializing WebDriver | browser=edge headless=True window_size =1366,768 timeout=10\nINFO | WebDriver started for test: test_file_upload | browser=edge | headless=True\n"}, "call": {"duration": 1.8861455000005662, "outcome": "passed", "stdout": "INFO | Opening File Upload page\nINFO | Opened URL: https://the-internet.herokuapp.com/upload\nINFO | Uploading file: C:\\Users\\pedrohli\\Documents\\GIT_commit.txt\nINFO | File path sent to input\nINFO | Upload button clicked\nINFO | Retrieved uploaded text: File Uploaded!\nINFO | File uploaded successfully and confirmed\n"}, "teardown": {"duration": 2.0890519998501986, "outcome": "passed", "stdout": "INFO | WebDriver quit successfully\n"}}, {"nodeid": "tests/test_frames.py::test_iframe_text_editing", "lineno": 9, "outcome": "failed", "keywords": ["test_iframe_text_editing", "frames", "pytestmark", "test_frames.py", "tests", "app2-The-Internet-herokuapp", ""], "setup": {"duration": 1.149987499928102, "outcome": "passed", "stdout": "INFO | Initializing WebDriver | browser=edge headless=True window_size =1366,768 timeout=10\nINFO | WebDriver started for test: test_iframe_text_editing | browser=edge | headless=True\n"}, "call": {"duration": 2.4421610001008958, "outcome": "failed", "crash": {"path": "C:\\Users\\pedrohli\\PEDRO\\PROGRAMA\u00c7\u00c3O\\Projects\\Selenium\\app2-The-Internet-herokuapp\\tests\\test_frames.py", "lineno": 53, "message": "AssertionError: Text input inside iframe failed!\nassert 'Your content goes here.' == 'Hello, this is a test!'\n  \n  - Hello, this is a test!\n  + Your content goes here."}, "traceback": [{"path": "tests\\test_frames.py", "lineno": 53, "message": "AssertionError"}], "stdout": "INFO | Starting iframe text editing test\nINFO | Opened URL: https://the-internet.herokuapp.com/frames\nINFO | Clicked iframe link\nINFO | Switched to iframe\nINFO | Cleared iframe body\nINFO | Set iframe text: Hello, this is a test!\nINFO | Inserted test text into iframe\nINFO | Retrieved iframe text: Your content goes here.\n", "longrepr": "driver = <selenium.webdriver.edge.webdriver.WebDriver (session=\"b6569a78d8f558e4f77858cccf38d6ca\")>\nwait = <selenium.webdriver.support.wait.WebDriverWait (session=\"b6569a78d8f558e4f77858cccf38d6ca\")>\n\n    @pytest.mark.frames\n    def test_iframe_text_editing(driver: WebDriver, wait: WebDriverWait) -> None:\n        \"\"\"\n        Test Case: iFrame Text Editing\n    \n        Verifies that text can be inserted, edited, and retrieved inside an iframe.\n    \n        Test Steps:\n        1. Open the Frames page.\n        2. Click the link to open the example iframe.\n        3. Switch Selenium focus to the iframe.\n        4. Clear the iframe body content.\n        5. Set new text inside the iframe.\n        6. Verify that the text was correctly inserted.\n        7. Switch back to the default page content.\n    \n        Expected Results:\n        - Text inserted inside the iframe matches exactly the input provided.\n        - Selenium focus can switch to and from the iframe without errors.\n        \"\"\"\n        page = FramesPage(driver, wait)\n        logger.info(\"Starting iframe text editing test\")\n    \n        # Open the Frames page\n        page.open()\n        logger.debug(\"Frames page opened successfully\")\n    \n        # Click link to navigate to the iFrame example\n        page.click_iframe_link()\n        logger.debug(\"Clicked iframe link\")\n    \n        # Switch context to iframe\n        page.switch_to_iframe()\n        logger.debug(\"Switched to iframe\")\n    \n        # Clear iframe body and insert test text\n        page.clear_iframe_body()\n        test_text = \"Hello, this is a test!\"\n        page.set_iframe_text(test_text)\n        logger.info(\"Inserted test text into iframe\")\n    \n        # Retrieve and verify the text inside the iframe\n        actual_text = page.get_iframe_text()\n>       assert actual_text == test_text, \"Text input inside iframe failed!\"\nE       AssertionError: Text input inside iframe failed!\nE       assert 'Your content goes here.' == 'Hello, this is a test!'\nE         \nE         - Hello, this is a test!\nE         + Your content goes here.\n\ntests\\test_frames.py:53: AssertionError"}, "teardown": {"duration": 2.240153399994597, "outcome": "passed", "stdout": "ERROR | Test FAILED. Screenshot saved: C:\\Users\\pedrohli\\PEDRO\\PROGRAMA\u00c7\u00c3O\\Projects\\Selenium\\app2-The-Internet-herokuapp\\screenshots\\test_iframe_text_editing_edge_headless_20250829_121655.png\nNoneType: None\nINFO | WebDriver quit successfully\n"}}, {"nodeid": "tests/test_inputs.py::test_inputs", "lineno": 10, "outcome": "passed", "keywords": ["test_inputs", "inputs", "pytestmark", "test_inputs.py", "tests", "app2-The-Internet-herokuapp", ""], "setup": {"duration": 1.7453085000161082, "outcome": "passed", "stdout": "INFO | Initializing WebDriver | browser=edge headless=True window_size =1366,768 timeout=10\nINFO | WebDriver started for test: test_inputs | browser=edge | headless=True\n"}, "call": {"duration": 1.8586734998971224, "outcome": "passed", "stdout": "INFO | Opening Inputs page\nINFO | Opened URL: https://the-internet.herokuapp.com/inputs\nINFO | Typing positive number: 12345\nINFO | Typed value into input: 12345\nINFO | Typing negative number: -678\nINFO | Typed value into input: -678\nINFO | Typing letters: abc (should be ignored)\nINFO | Typed value into input: abc\nINFO | Typing sequence of digits one by one: 42\nINFO | Finished typing sequence: 42\nINFO | Inputs page test completed successfully\n"}, "teardown": {"duration": 2.0953106000088155, "outcome": "passed", "stdout": "INFO | WebDriver quit successfully\n"}}, {"nodeid": "tests/test_login.py::test_login_positive", "lineno": 11, "outcome": "passed", "keywords": ["test_login_positive", "login", "pytestmark", "test_login.py", "tests", "app2-The-Internet-herokuapp", ""], "setup": {"duration": 1.122175700031221, "outcome": "passed", "stdout": "INFO | Initializing WebDriver | browser=edge headless=True window_size =1366,768 timeout=10\nINFO | WebDriver started for test: test_login_positive | browser=edge | headless=True\n"}, "call": {"duration": 2.070214099949226, "outcome": "passed", "stdout": "INFO | Starting positive login test\nINFO | Opened URL: https://the-internet.herokuapp.com/login\nINFO | Entered password: ********************\nINFO | Clicked login button\nINFO | Flash message retrieved: You logged into a secure area!\n\u00d7\nINFO | Flash message received: You logged into a secure area!\n\u00d7\nINFO | Positive login test passed\n"}, "teardown": {"duration": 2.11555920005776, "outcome": "passed", "stdout": "INFO | WebDriver quit successfully\n"}}, {"nodeid": "tests/test_login.py::test_login_negative", "lineno": 47, "outcome": "passed", "keywords": ["test_login_negative", "login", "pytestmark", "test_login.py", "tests", "app2-The-Internet-herokuapp", ""], "setup": {"duration": 1.1122787999920547, "outcome": "passed", "stdout": "INFO | Initializing WebDriver | browser=edge headless=True window_size =1366,768 timeout=10\nINFO | WebDriver started for test: test_login_negative | browser=edge | headless=True\n"}, "call": {"duration": 2.093974000075832, "outcome": "passed", "stdout": "INFO | Starting negative login test\nINFO | Opened URL: https://the-internet.herokuapp.com/login\nINFO | Entered password: *************\nINFO | Clicked login button\nINFO | Flash message retrieved: Your username is invalid!\n\u00d7\nINFO | Flash message received: Your username is invalid!\n\u00d7\nINFO | Negative login test passed\n"}, "teardown": {"duration": 2.1031818999908864, "outcome": "passed", "stdout": "INFO | WebDriver quit successfully\n"}}, {"nodeid": "tests/test_windows.py::test_multiple_windows", "lineno": 9, "outcome": "passed", "keywords": ["test_multiple_windows", "windows", "pytestmark", "test_windows.py", "tests", "app2-The-Internet-herokuapp", ""], "setup": {"duration": 1.1573455999605358, "outcome": "passed", "stdout": "INFO | Initializing WebDriver | browser=edge headless=True window_size =1366,768 timeout=10\nINFO | WebDriver started for test: test_multiple_windows | browser=edge | headless=True\n"}, "call": {"duration": 1.804853399982676, "outcome": "passed", "stdout": "INFO | Starting multiple windows test\nINFO | Opened URL: https://the-internet.herokuapp.com/windows\nINFO | Clicked 'Click Here' link to open new window\nINFO | Switched to new window\nINFO | Switched to newly opened window\nINFO | Heading text in current window: New Window\nINFO | Heading text verified successfully in new window\nINFO | Closed current window\nINFO | Switched back to window: E62E8A76509B24478BE6A3E58884B62D\nINFO | Switched back to original window successfully\nINFO | Multiple windows test completed successfully\n"}, "teardown": {"duration": 2.103958699852228, "outcome": "passed", "stdout": "INFO | WebDriver quit successfully\n"}}]}